<?xml version="1.0" encoding="UTF-8"?>
<testsuite xmlns:xsi="http://www.w3.org/2001/XMLSchema-instance" xsi:noNamespaceSchemaLocation="https://maven.apache.org/surefire/maven-surefire-plugin/xsd/surefire-test-report-3.0.xsd" version="3.0" name="com.example.cricketapp.CricketappApplicationTests" time="11.611" tests="1" errors="0" skipped="0" failures="0">
  <properties>
    <property name="java.specification.version" value="21"/>
    <property name="sun.cpu.isalist" value="amd64"/>
    <property name="sun.jnu.encoding" value="Cp1252"/>
    <property name="java.class.path" value="C:\Users\kgash\OneDrive\Desktop\Java programs\Zoho\Incubation\Github\CricketApplication\cricketapp-backend\target\test-classes;C:\Users\kgash\OneDrive\Desktop\Java programs\Zoho\Incubation\Github\CricketApplication\cricketapp-backend\target\classes;C:\Users\kgash\.m2\repository\org\springframework\boot\spring-boot-starter-web\3.2.5\spring-boot-starter-web-3.2.5.jar;C:\Users\kgash\.m2\repository\org\springframework\boot\spring-boot-starter\3.2.5\spring-boot-starter-3.2.5.jar;C:\Users\kgash\.m2\repository\org\springframework\boot\spring-boot\3.2.5\spring-boot-3.2.5.jar;C:\Users\kgash\.m2\repository\org\springframework\boot\spring-boot-autoconfigure\3.2.5\spring-boot-autoconfigure-3.2.5.jar;C:\Users\kgash\.m2\repository\org\springframework\boot\spring-boot-starter-logging\3.2.5\spring-boot-starter-logging-3.2.5.jar;C:\Users\kgash\.m2\repository\org\apache\logging\log4j\log4j-to-slf4j\2.21.1\log4j-to-slf4j-2.21.1.jar;C:\Users\kgash\.m2\repository\org\slf4j\jul-to-slf4j\2.0.13\jul-to-slf4j-2.0.13.jar;C:\Users\kgash\.m2\repository\jakarta\annotation\jakarta.annotation-api\2.1.1\jakarta.annotation-api-2.1.1.jar;C:\Users\kgash\.m2\repository\org\yaml\snakeyaml\2.2\snakeyaml-2.2.jar;C:\Users\kgash\.m2\repository\org\springframework\boot\spring-boot-starter-json\3.2.5\spring-boot-starter-json-3.2.5.jar;C:\Users\kgash\.m2\repository\com\fasterxml\jackson\datatype\jackson-datatype-jdk8\2.15.4\jackson-datatype-jdk8-2.15.4.jar;C:\Users\kgash\.m2\repository\com\fasterxml\jackson\datatype\jackson-datatype-jsr310\2.15.4\jackson-datatype-jsr310-2.15.4.jar;C:\Users\kgash\.m2\repository\com\fasterxml\jackson\module\jackson-module-parameter-names\2.15.4\jackson-module-parameter-names-2.15.4.jar;C:\Users\kgash\.m2\repository\org\springframework\boot\spring-boot-starter-tomcat\3.2.5\spring-boot-starter-tomcat-3.2.5.jar;C:\Users\kgash\.m2\repository\org\apache\tomcat\embed\tomcat-embed-core\10.1.20\tomcat-embed-core-10.1.20.jar;C:\Users\kgash\.m2\repository\org\apache\tomcat\embed\tomcat-embed-el\10.1.20\tomcat-embed-el-10.1.20.jar;C:\Users\kgash\.m2\repository\org\apache\tomcat\embed\tomcat-embed-websocket\10.1.20\tomcat-embed-websocket-10.1.20.jar;C:\Users\kgash\.m2\repository\org\springframework\spring-web\6.1.6\spring-web-6.1.6.jar;C:\Users\kgash\.m2\repository\org\springframework\spring-webmvc\6.1.6\spring-webmvc-6.1.6.jar;C:\Users\kgash\.m2\repository\org\apache\tomcat\tomcat-jasper\10.1.19\tomcat-jasper-10.1.19.jar;C:\Users\kgash\.m2\repository\org\apache\tomcat\tomcat-servlet-api\10.1.19\tomcat-servlet-api-10.1.19.jar;C:\Users\kgash\.m2\repository\org\apache\tomcat\tomcat-juli\10.1.19\tomcat-juli-10.1.19.jar;C:\Users\kgash\.m2\repository\org\apache\tomcat\tomcat-jsp-api\10.1.20\tomcat-jsp-api-10.1.20.jar;C:\Users\kgash\.m2\repository\org\apache\tomcat\tomcat-el-api\10.1.19\tomcat-el-api-10.1.19.jar;C:\Users\kgash\.m2\repository\org\eclipse\jdt\ecj\3.33.0\ecj-3.33.0.jar;C:\Users\kgash\.m2\repository\org\apache\tomcat\tomcat-jasper-el\10.1.19\tomcat-jasper-el-10.1.19.jar;C:\Users\kgash\.m2\repository\org\apache\tomcat\tomcat-api\10.1.19\tomcat-api-10.1.19.jar;C:\Users\kgash\.m2\repository\org\apache\tomcat\tomcat-util-scan\10.1.19\tomcat-util-scan-10.1.19.jar;C:\Users\kgash\.m2\repository\org\apache\tomcat\tomcat-util\10.1.19\tomcat-util-10.1.19.jar;C:\Users\kgash\.m2\repository\jakarta\servlet\jsp\jstl\jakarta.servlet.jsp.jstl-api\3.0.0\jakarta.servlet.jsp.jstl-api-3.0.0.jar;C:\Users\kgash\.m2\repository\jakarta\servlet\jakarta.servlet-api\6.0.0\jakarta.servlet-api-6.0.0.jar;C:\Users\kgash\.m2\repository\jakarta\el\jakarta.el-api\5.0.0\jakarta.el-api-5.0.0.jar;C:\Users\kgash\.m2\repository\org\glassfish\web\jakarta.servlet.jsp.jstl\1.2.6\jakarta.servlet.jsp.jstl-1.2.6.jar;C:\Users\kgash\.m2\repository\com\mysql\mysql-connector-j\8.3.0\mysql-connector-j-8.3.0.jar;C:\Users\kgash\.m2\repository\com\datastax\oss\java-driver-core\4.17.0\java-driver-core-4.17.0.jar;C:\Users\kgash\.m2\repository\com\datastax\oss\native-protocol\1.5.1\native-protocol-1.5.1.jar;C:\Users\kgash\.m2\repository\io\netty\netty-handler\4.1.109.Final\netty-handler-4.1.109.Final.jar;C:\Users\kgash\.m2\repository\io\netty\netty-common\4.1.109.Final\netty-common-4.1.109.Final.jar;C:\Users\kgash\.m2\repository\io\netty\netty-resolver\4.1.109.Final\netty-resolver-4.1.109.Final.jar;C:\Users\kgash\.m2\repository\io\netty\netty-buffer\4.1.109.Final\netty-buffer-4.1.109.Final.jar;C:\Users\kgash\.m2\repository\io\netty\netty-transport\4.1.109.Final\netty-transport-4.1.109.Final.jar;C:\Users\kgash\.m2\repository\io\netty\netty-transport-native-unix-common\4.1.109.Final\netty-transport-native-unix-common-4.1.109.Final.jar;C:\Users\kgash\.m2\repository\io\netty\netty-codec\4.1.109.Final\netty-codec-4.1.109.Final.jar;C:\Users\kgash\.m2\repository\com\datastax\oss\java-driver-shaded-guava\25.1-jre-graal-sub-1\java-driver-shaded-guava-25.1-jre-graal-sub-1.jar;C:\Users\kgash\.m2\repository\com\typesafe\config\1.4.1\config-1.4.1.jar;C:\Users\kgash\.m2\repository\com\github\jnr\jnr-posix\3.1.15\jnr-posix-3.1.15.jar;C:\Users\kgash\.m2\repository\com\github\jnr\jnr-ffi\2.2.11\jnr-ffi-2.2.11.jar;C:\Users\kgash\.m2\repository\com\github\jnr\jffi\1.3.9\jffi-1.3.9.jar;C:\Users\kgash\.m2\repository\com\github\jnr\jffi\1.3.9\jffi-1.3.9-native.jar;C:\Users\kgash\.m2\repository\org\ow2\asm\asm\9.2\asm-9.2.jar;C:\Users\kgash\.m2\repository\org\ow2\asm\asm-commons\9.2\asm-commons-9.2.jar;C:\Users\kgash\.m2\repository\org\ow2\asm\asm-analysis\9.2\asm-analysis-9.2.jar;C:\Users\kgash\.m2\repository\org\ow2\asm\asm-tree\9.2\asm-tree-9.2.jar;C:\Users\kgash\.m2\repository\org\ow2\asm\asm-util\9.2\asm-util-9.2.jar;C:\Users\kgash\.m2\repository\com\github\jnr\jnr-a64asm\1.0.0\jnr-a64asm-1.0.0.jar;C:\Users\kgash\.m2\repository\com\github\jnr\jnr-x86asm\1.0.2\jnr-x86asm-1.0.2.jar;C:\Users\kgash\.m2\repository\com\github\jnr\jnr-constants\0.10.3\jnr-constants-0.10.3.jar;C:\Users\kgash\.m2\repository\org\slf4j\slf4j-api\2.0.13\slf4j-api-2.0.13.jar;C:\Users\kgash\.m2\repository\io\dropwizard\metrics\metrics-core\4.2.25\metrics-core-4.2.25.jar;C:\Users\kgash\.m2\repository\org\hdrhistogram\HdrHistogram\2.1.12\HdrHistogram-2.1.12.jar;C:\Users\kgash\.m2\repository\com\fasterxml\jackson\core\jackson-core\2.15.4\jackson-core-2.15.4.jar;C:\Users\kgash\.m2\repository\org\reactivestreams\reactive-streams\1.0.4\reactive-streams-1.0.4.jar;C:\Users\kgash\.m2\repository\com\github\stephenc\jcip\jcip-annotations\1.0-1\jcip-annotations-1.0-1.jar;C:\Users\kgash\.m2\repository\com\github\spotbugs\spotbugs-annotations\4.7.3\spotbugs-annotations-4.7.3.jar;C:\Users\kgash\.m2\repository\ch\qos\logback\logback-classic\1.4.14\logback-classic-1.4.14.jar;C:\Users\kgash\.m2\repository\ch\qos\logback\logback-core\1.4.14\logback-core-1.4.14.jar;C:\Users\kgash\.m2\repository\net\logstash\logback\logstash-logback-encoder\7.4\logstash-logback-encoder-7.4.jar;C:\Users\kgash\.m2\repository\org\elasticsearch\client\elasticsearch-rest-high-level-client\7.17.21\elasticsearch-rest-high-level-client-7.17.21.jar;C:\Users\kgash\.m2\repository\org\elasticsearch\client\elasticsearch-rest-client\8.10.4\elasticsearch-rest-client-8.10.4.jar;C:\Users\kgash\.m2\repository\org\apache\httpcomponents\httpclient\4.5.13\httpclient-4.5.13.jar;C:\Users\kgash\.m2\repository\org\apache\httpcomponents\httpcore\4.4.16\httpcore-4.4.16.jar;C:\Users\kgash\.m2\repository\org\apache\httpcomponents\httpasyncclient\4.1.5\httpasyncclient-4.1.5.jar;C:\Users\kgash\.m2\repository\org\apache\httpcomponents\httpcore-nio\4.4.16\httpcore-nio-4.4.16.jar;C:\Users\kgash\.m2\repository\org\elasticsearch\plugin\mapper-extras-client\7.17.21\mapper-extras-client-7.17.21.jar;C:\Users\kgash\.m2\repository\org\elasticsearch\plugin\parent-join-client\7.17.21\parent-join-client-7.17.21.jar;C:\Users\kgash\.m2\repository\org\elasticsearch\plugin\aggs-matrix-stats-client\7.17.21\aggs-matrix-stats-client-7.17.21.jar;C:\Users\kgash\.m2\repository\org\elasticsearch\plugin\rank-eval-client\7.17.21\rank-eval-client-7.17.21.jar;C:\Users\kgash\.m2\repository\org\elasticsearch\plugin\lang-mustache-client\7.17.21\lang-mustache-client-7.17.21.jar;C:\Users\kgash\.m2\repository\com\github\spullara\mustache\java\compiler\0.9.6\compiler-0.9.6.jar;C:\Users\kgash\.m2\repository\org\elasticsearch\elasticsearch\8.13.4\elasticsearch-8.13.4.jar;C:\Users\kgash\.m2\repository\org\elasticsearch\elasticsearch-core\8.13.4\elasticsearch-core-8.13.4.jar;C:\Users\kgash\.m2\repository\org\elasticsearch\elasticsearch-logging\8.13.4\elasticsearch-logging-8.13.4.jar;C:\Users\kgash\.m2\repository\org\elasticsearch\elasticsearch-secure-sm\8.13.4\elasticsearch-secure-sm-8.13.4.jar;C:\Users\kgash\.m2\repository\org\elasticsearch\elasticsearch-x-content\8.13.4\elasticsearch-x-content-8.13.4.jar;C:\Users\kgash\.m2\repository\org\elasticsearch\elasticsearch-geo\8.13.4\elasticsearch-geo-8.13.4.jar;C:\Users\kgash\.m2\repository\org\elasticsearch\elasticsearch-lz4\8.13.4\elasticsearch-lz4-8.13.4.jar;C:\Users\kgash\.m2\repository\org\lz4\lz4-java\1.8.0\lz4-java-1.8.0.jar;C:\Users\kgash\.m2\repository\org\elasticsearch\plugin\elasticsearch-plugin-api\8.13.4\elasticsearch-plugin-api-8.13.4.jar;C:\Users\kgash\.m2\repository\org\elasticsearch\plugin\elasticsearch-plugin-analysis-api\8.13.4\elasticsearch-plugin-analysis-api-8.13.4.jar;C:\Users\kgash\.m2\repository\org\elasticsearch\elasticsearch-grok\8.13.4\elasticsearch-grok-8.13.4.jar;C:\Users\kgash\.m2\repository\org\jruby\joni\joni\2.1.29\joni-2.1.29.jar;C:\Users\kgash\.m2\repository\org\jruby\jcodings\jcodings\1.0.44\jcodings-1.0.44.jar;C:\Users\kgash\.m2\repository\org\elasticsearch\elasticsearch-tdigest\8.13.4\elasticsearch-tdigest-8.13.4.jar;C:\Users\kgash\.m2\repository\org\apache\lucene\lucene-core\9.10.0\lucene-core-9.10.0.jar;C:\Users\kgash\.m2\repository\org\apache\lucene\lucene-analysis-common\9.10.0\lucene-analysis-common-9.10.0.jar;C:\Users\kgash\.m2\repository\org\apache\lucene\lucene-backward-codecs\9.10.0\lucene-backward-codecs-9.10.0.jar;C:\Users\kgash\.m2\repository\org\apache\lucene\lucene-grouping\9.10.0\lucene-grouping-9.10.0.jar;C:\Users\kgash\.m2\repository\org\apache\lucene\lucene-highlighter\9.10.0\lucene-highlighter-9.10.0.jar;C:\Users\kgash\.m2\repository\org\apache\lucene\lucene-join\9.10.0\lucene-join-9.10.0.jar;C:\Users\kgash\.m2\repository\org\apache\lucene\lucene-memory\9.10.0\lucene-memory-9.10.0.jar;C:\Users\kgash\.m2\repository\org\apache\lucene\lucene-misc\9.10.0\lucene-misc-9.10.0.jar;C:\Users\kgash\.m2\repository\org\apache\lucene\lucene-queries\9.10.0\lucene-queries-9.10.0.jar;C:\Users\kgash\.m2\repository\org\apache\lucene\lucene-queryparser\9.10.0\lucene-queryparser-9.10.0.jar;C:\Users\kgash\.m2\repository\org\apache\lucene\lucene-sandbox\9.10.0\lucene-sandbox-9.10.0.jar;C:\Users\kgash\.m2\repository\org\apache\lucene\lucene-suggest\9.10.0\lucene-suggest-9.10.0.jar;C:\Users\kgash\.m2\repository\org\elasticsearch\elasticsearch-cli\8.13.4\elasticsearch-cli-8.13.4.jar;C:\Users\kgash\.m2\repository\net\sf\jopt-simple\jopt-simple\5.0.2\jopt-simple-5.0.2.jar;C:\Users\kgash\.m2\repository\org\apache\logging\log4j\log4j-api\2.21.1\log4j-api-2.21.1.jar;C:\Users\kgash\.m2\repository\org\apache\logging\log4j\log4j-core\2.21.1\log4j-core-2.21.1.jar;C:\Users\kgash\.m2\repository\net\java\dev\jna\jna\5.10.0\jna-5.10.0.jar;C:\Users\kgash\.m2\repository\co\elastic\logging\log4j2-ecs-layout\1.2.0\log4j2-ecs-layout-1.2.0.jar;C:\Users\kgash\.m2\repository\co\elastic\logging\ecs-logging-core\1.2.0\ecs-logging-core-1.2.0.jar;C:\Users\kgash\.m2\repository\org\elasticsearch\elasticsearch-plugin-classloader\8.13.4\elasticsearch-plugin-classloader-8.13.4.jar;C:\Users\kgash\.m2\repository\com\carrotsearch\hppc\0.8.1\hppc-0.8.1.jar;C:\Users\kgash\.m2\repository\org\elasticsearch\elasticsearch-native\8.13.4\elasticsearch-native-8.13.4.jar;C:\Users\kgash\.m2\repository\org\elasticsearch\elasticsearch-preallocate\8.13.4\elasticsearch-preallocate-8.13.4.jar;C:\Users\kgash\.m2\repository\co\elastic\clients\elasticsearch-java\8.13.4\elasticsearch-java-8.13.4.jar;C:\Users\kgash\.m2\repository\com\google\code\findbugs\jsr305\3.0.2\jsr305-3.0.2.jar;C:\Users\kgash\.m2\repository\jakarta\json\jakarta.json-api\2.1.3\jakarta.json-api-2.1.3.jar;C:\Users\kgash\.m2\repository\org\eclipse\parsson\parsson\1.0.5\parsson-1.0.5.jar;C:\Users\kgash\.m2\repository\io\opentelemetry\opentelemetry-api\1.31.0\opentelemetry-api-1.31.0.jar;C:\Users\kgash\.m2\repository\io\opentelemetry\opentelemetry-context\1.31.0\opentelemetry-context-1.31.0.jar;C:\Users\kgash\.m2\repository\com\fasterxml\jackson\core\jackson-databind\2.14.2\jackson-databind-2.14.2.jar;C:\Users\kgash\.m2\repository\com\fasterxml\jackson\core\jackson-annotations\2.15.4\jackson-annotations-2.15.4.jar;C:\Users\kgash\.m2\repository\com\auth0\java-jwt\4.4.0\java-jwt-4.4.0.jar;C:\Users\kgash\.m2\repository\org\apache\commons\commons-csv\1.11.0\commons-csv-1.11.0.jar;C:\Users\kgash\.m2\repository\commons-io\commons-io\2.16.1\commons-io-2.16.1.jar;C:\Users\kgash\.m2\repository\commons-codec\commons-codec\1.16.1\commons-codec-1.16.1.jar;C:\Users\kgash\.m2\repository\com\github\ben-manes\caffeine\caffeine\3.1.8\caffeine-3.1.8.jar;C:\Users\kgash\.m2\repository\org\checkerframework\checker-qual\3.37.0\checker-qual-3.37.0.jar;C:\Users\kgash\.m2\repository\com\google\errorprone\error_prone_annotations\2.21.1\error_prone_annotations-2.21.1.jar;C:\Users\kgash\.m2\repository\org\springframework\spring-context-support\6.1.7\spring-context-support-6.1.7.jar;C:\Users\kgash\.m2\repository\org\springframework\spring-beans\6.1.6\spring-beans-6.1.6.jar;C:\Users\kgash\.m2\repository\org\springframework\spring-context\6.1.6\spring-context-6.1.6.jar;C:\Users\kgash\.m2\repository\org\springframework\spring-core\6.1.6\spring-core-6.1.6.jar;C:\Users\kgash\.m2\repository\org\springframework\spring-jcl\6.1.6\spring-jcl-6.1.6.jar;C:\Users\kgash\.m2\repository\org\springframework\boot\spring-boot-starter-security\3.3.0\spring-boot-starter-security-3.3.0.jar;C:\Users\kgash\.m2\repository\org\springframework\spring-aop\6.1.6\spring-aop-6.1.6.jar;C:\Users\kgash\.m2\repository\org\springframework\security\spring-security-config\6.2.4\spring-security-config-6.2.4.jar;C:\Users\kgash\.m2\repository\org\springframework\security\spring-security-web\6.2.4\spring-security-web-6.2.4.jar;C:\Users\kgash\.m2\repository\org\modelmapper\modelmapper\3.2.0\modelmapper-3.2.0.jar;C:\Users\kgash\.m2\repository\org\springframework\security\spring-security-core\6.3.0\spring-security-core-6.3.0.jar;C:\Users\kgash\.m2\repository\org\springframework\security\spring-security-crypto\6.2.4\spring-security-crypto-6.2.4.jar;C:\Users\kgash\.m2\repository\org\springframework\spring-expression\6.1.6\spring-expression-6.1.6.jar;C:\Users\kgash\.m2\repository\io\micrometer\micrometer-observation\1.12.5\micrometer-observation-1.12.5.jar;C:\Users\kgash\.m2\repository\io\micrometer\micrometer-commons\1.12.5\micrometer-commons-1.12.5.jar;C:\Users\kgash\.m2\repository\org\springframework\boot\spring-boot-starter-test\3.2.5\spring-boot-starter-test-3.2.5.jar;C:\Users\kgash\.m2\repository\org\springframework\boot\spring-boot-test\3.2.5\spring-boot-test-3.2.5.jar;C:\Users\kgash\.m2\repository\org\springframework\boot\spring-boot-test-autoconfigure\3.2.5\spring-boot-test-autoconfigure-3.2.5.jar;C:\Users\kgash\.m2\repository\com\jayway\jsonpath\json-path\2.9.0\json-path-2.9.0.jar;C:\Users\kgash\.m2\repository\jakarta\xml\bind\jakarta.xml.bind-api\4.0.2\jakarta.xml.bind-api-4.0.2.jar;C:\Users\kgash\.m2\repository\jakarta\activation\jakarta.activation-api\2.1.3\jakarta.activation-api-2.1.3.jar;C:\Users\kgash\.m2\repository\net\minidev\json-smart\2.5.1\json-smart-2.5.1.jar;C:\Users\kgash\.m2\repository\net\minidev\accessors-smart\2.5.1\accessors-smart-2.5.1.jar;C:\Users\kgash\.m2\repository\org\assertj\assertj-core\3.24.2\assertj-core-3.24.2.jar;C:\Users\kgash\.m2\repository\net\bytebuddy\byte-buddy\1.14.13\byte-buddy-1.14.13.jar;C:\Users\kgash\.m2\repository\org\awaitility\awaitility\4.2.1\awaitility-4.2.1.jar;C:\Users\kgash\.m2\repository\org\hamcrest\hamcrest\2.2\hamcrest-2.2.jar;C:\Users\kgash\.m2\repository\org\junit\jupiter\junit-jupiter\5.10.2\junit-jupiter-5.10.2.jar;C:\Users\kgash\.m2\repository\org\junit\jupiter\junit-jupiter-api\5.10.2\junit-jupiter-api-5.10.2.jar;C:\Users\kgash\.m2\repository\org\opentest4j\opentest4j\1.3.0\opentest4j-1.3.0.jar;C:\Users\kgash\.m2\repository\org\junit\platform\junit-platform-commons\1.10.2\junit-platform-commons-1.10.2.jar;C:\Users\kgash\.m2\repository\org\apiguardian\apiguardian-api\1.1.2\apiguardian-api-1.1.2.jar;C:\Users\kgash\.m2\repository\org\junit\jupiter\junit-jupiter-params\5.10.2\junit-jupiter-params-5.10.2.jar;C:\Users\kgash\.m2\repository\org\junit\jupiter\junit-jupiter-engine\5.10.2\junit-jupiter-engine-5.10.2.jar;C:\Users\kgash\.m2\repository\org\junit\platform\junit-platform-engine\1.10.2\junit-platform-engine-1.10.2.jar;C:\Users\kgash\.m2\repository\org\mockito\mockito-core\5.7.0\mockito-core-5.7.0.jar;C:\Users\kgash\.m2\repository\net\bytebuddy\byte-buddy-agent\1.14.13\byte-buddy-agent-1.14.13.jar;C:\Users\kgash\.m2\repository\org\objenesis\objenesis\3.3\objenesis-3.3.jar;C:\Users\kgash\.m2\repository\org\mockito\mockito-junit-jupiter\5.7.0\mockito-junit-jupiter-5.7.0.jar;C:\Users\kgash\.m2\repository\org\skyscreamer\jsonassert\1.5.1\jsonassert-1.5.1.jar;C:\Users\kgash\.m2\repository\com\vaadin\external\google\android-json\0.0.20131108.vaadin1\android-json-0.0.20131108.vaadin1.jar;C:\Users\kgash\.m2\repository\org\springframework\spring-test\6.1.6\spring-test-6.1.6.jar;C:\Users\kgash\.m2\repository\org\xmlunit\xmlunit-core\2.9.1\xmlunit-core-2.9.1.jar;C:\Users\kgash\.m2\repository\org\json\json\20231013\json-20231013.jar;"/>
    <property name="java.vm.vendor" value="Oracle Corporation"/>
    <property name="sun.arch.data.model" value="64"/>
    <property name="user.variant" value=""/>
    <property name="java.vendor.url" value="https://java.oracle.com/"/>
    <property name="user.timezone" value="Asia/Calcutta"/>
    <property name="os.name" value="Windows 11"/>
    <property name="java.vm.specification.version" value="21"/>
    <property name="sun.java.launcher" value="SUN_STANDARD"/>
    <property name="user.country" value="IN"/>
    <property name="sun.boot.library.path" value="C:\Program Files\Java\jdk-21\bin"/>
    <property name="sun.java.command" value="C:\Users\kgash\AppData\Local\Temp\surefire2000151874954033580\surefirebooter-20240528151028138_3.jar C:\Users\kgash\AppData\Local\Temp\surefire2000151874954033580 2024-05-28T15-10-27_738-jvmRun1 surefire-20240528151028138_1tmp surefire_0-20240528151028138_2tmp"/>
    <property name="jdk.debug" value="release"/>
    <property name="surefire.test.class.path" value="C:\Users\kgash\OneDrive\Desktop\Java programs\Zoho\Incubation\Github\CricketApplication\cricketapp-backend\target\test-classes;C:\Users\kgash\OneDrive\Desktop\Java programs\Zoho\Incubation\Github\CricketApplication\cricketapp-backend\target\classes;C:\Users\kgash\.m2\repository\org\springframework\boot\spring-boot-starter-web\3.2.5\spring-boot-starter-web-3.2.5.jar;C:\Users\kgash\.m2\repository\org\springframework\boot\spring-boot-starter\3.2.5\spring-boot-starter-3.2.5.jar;C:\Users\kgash\.m2\repository\org\springframework\boot\spring-boot\3.2.5\spring-boot-3.2.5.jar;C:\Users\kgash\.m2\repository\org\springframework\boot\spring-boot-autoconfigure\3.2.5\spring-boot-autoconfigure-3.2.5.jar;C:\Users\kgash\.m2\repository\org\springframework\boot\spring-boot-starter-logging\3.2.5\spring-boot-starter-logging-3.2.5.jar;C:\Users\kgash\.m2\repository\org\apache\logging\log4j\log4j-to-slf4j\2.21.1\log4j-to-slf4j-2.21.1.jar;C:\Users\kgash\.m2\repository\org\slf4j\jul-to-slf4j\2.0.13\jul-to-slf4j-2.0.13.jar;C:\Users\kgash\.m2\repository\jakarta\annotation\jakarta.annotation-api\2.1.1\jakarta.annotation-api-2.1.1.jar;C:\Users\kgash\.m2\repository\org\yaml\snakeyaml\2.2\snakeyaml-2.2.jar;C:\Users\kgash\.m2\repository\org\springframework\boot\spring-boot-starter-json\3.2.5\spring-boot-starter-json-3.2.5.jar;C:\Users\kgash\.m2\repository\com\fasterxml\jackson\datatype\jackson-datatype-jdk8\2.15.4\jackson-datatype-jdk8-2.15.4.jar;C:\Users\kgash\.m2\repository\com\fasterxml\jackson\datatype\jackson-datatype-jsr310\2.15.4\jackson-datatype-jsr310-2.15.4.jar;C:\Users\kgash\.m2\repository\com\fasterxml\jackson\module\jackson-module-parameter-names\2.15.4\jackson-module-parameter-names-2.15.4.jar;C:\Users\kgash\.m2\repository\org\springframework\boot\spring-boot-starter-tomcat\3.2.5\spring-boot-starter-tomcat-3.2.5.jar;C:\Users\kgash\.m2\repository\org\apache\tomcat\embed\tomcat-embed-core\10.1.20\tomcat-embed-core-10.1.20.jar;C:\Users\kgash\.m2\repository\org\apache\tomcat\embed\tomcat-embed-el\10.1.20\tomcat-embed-el-10.1.20.jar;C:\Users\kgash\.m2\repository\org\apache\tomcat\embed\tomcat-embed-websocket\10.1.20\tomcat-embed-websocket-10.1.20.jar;C:\Users\kgash\.m2\repository\org\springframework\spring-web\6.1.6\spring-web-6.1.6.jar;C:\Users\kgash\.m2\repository\org\springframework\spring-webmvc\6.1.6\spring-webmvc-6.1.6.jar;C:\Users\kgash\.m2\repository\org\apache\tomcat\tomcat-jasper\10.1.19\tomcat-jasper-10.1.19.jar;C:\Users\kgash\.m2\repository\org\apache\tomcat\tomcat-servlet-api\10.1.19\tomcat-servlet-api-10.1.19.jar;C:\Users\kgash\.m2\repository\org\apache\tomcat\tomcat-juli\10.1.19\tomcat-juli-10.1.19.jar;C:\Users\kgash\.m2\repository\org\apache\tomcat\tomcat-jsp-api\10.1.20\tomcat-jsp-api-10.1.20.jar;C:\Users\kgash\.m2\repository\org\apache\tomcat\tomcat-el-api\10.1.19\tomcat-el-api-10.1.19.jar;C:\Users\kgash\.m2\repository\org\eclipse\jdt\ecj\3.33.0\ecj-3.33.0.jar;C:\Users\kgash\.m2\repository\org\apache\tomcat\tomcat-jasper-el\10.1.19\tomcat-jasper-el-10.1.19.jar;C:\Users\kgash\.m2\repository\org\apache\tomcat\tomcat-api\10.1.19\tomcat-api-10.1.19.jar;C:\Users\kgash\.m2\repository\org\apache\tomcat\tomcat-util-scan\10.1.19\tomcat-util-scan-10.1.19.jar;C:\Users\kgash\.m2\repository\org\apache\tomcat\tomcat-util\10.1.19\tomcat-util-10.1.19.jar;C:\Users\kgash\.m2\repository\jakarta\servlet\jsp\jstl\jakarta.servlet.jsp.jstl-api\3.0.0\jakarta.servlet.jsp.jstl-api-3.0.0.jar;C:\Users\kgash\.m2\repository\jakarta\servlet\jakarta.servlet-api\6.0.0\jakarta.servlet-api-6.0.0.jar;C:\Users\kgash\.m2\repository\jakarta\el\jakarta.el-api\5.0.0\jakarta.el-api-5.0.0.jar;C:\Users\kgash\.m2\repository\org\glassfish\web\jakarta.servlet.jsp.jstl\1.2.6\jakarta.servlet.jsp.jstl-1.2.6.jar;C:\Users\kgash\.m2\repository\com\mysql\mysql-connector-j\8.3.0\mysql-connector-j-8.3.0.jar;C:\Users\kgash\.m2\repository\com\datastax\oss\java-driver-core\4.17.0\java-driver-core-4.17.0.jar;C:\Users\kgash\.m2\repository\com\datastax\oss\native-protocol\1.5.1\native-protocol-1.5.1.jar;C:\Users\kgash\.m2\repository\io\netty\netty-handler\4.1.109.Final\netty-handler-4.1.109.Final.jar;C:\Users\kgash\.m2\repository\io\netty\netty-common\4.1.109.Final\netty-common-4.1.109.Final.jar;C:\Users\kgash\.m2\repository\io\netty\netty-resolver\4.1.109.Final\netty-resolver-4.1.109.Final.jar;C:\Users\kgash\.m2\repository\io\netty\netty-buffer\4.1.109.Final\netty-buffer-4.1.109.Final.jar;C:\Users\kgash\.m2\repository\io\netty\netty-transport\4.1.109.Final\netty-transport-4.1.109.Final.jar;C:\Users\kgash\.m2\repository\io\netty\netty-transport-native-unix-common\4.1.109.Final\netty-transport-native-unix-common-4.1.109.Final.jar;C:\Users\kgash\.m2\repository\io\netty\netty-codec\4.1.109.Final\netty-codec-4.1.109.Final.jar;C:\Users\kgash\.m2\repository\com\datastax\oss\java-driver-shaded-guava\25.1-jre-graal-sub-1\java-driver-shaded-guava-25.1-jre-graal-sub-1.jar;C:\Users\kgash\.m2\repository\com\typesafe\config\1.4.1\config-1.4.1.jar;C:\Users\kgash\.m2\repository\com\github\jnr\jnr-posix\3.1.15\jnr-posix-3.1.15.jar;C:\Users\kgash\.m2\repository\com\github\jnr\jnr-ffi\2.2.11\jnr-ffi-2.2.11.jar;C:\Users\kgash\.m2\repository\com\github\jnr\jffi\1.3.9\jffi-1.3.9.jar;C:\Users\kgash\.m2\repository\com\github\jnr\jffi\1.3.9\jffi-1.3.9-native.jar;C:\Users\kgash\.m2\repository\org\ow2\asm\asm\9.2\asm-9.2.jar;C:\Users\kgash\.m2\repository\org\ow2\asm\asm-commons\9.2\asm-commons-9.2.jar;C:\Users\kgash\.m2\repository\org\ow2\asm\asm-analysis\9.2\asm-analysis-9.2.jar;C:\Users\kgash\.m2\repository\org\ow2\asm\asm-tree\9.2\asm-tree-9.2.jar;C:\Users\kgash\.m2\repository\org\ow2\asm\asm-util\9.2\asm-util-9.2.jar;C:\Users\kgash\.m2\repository\com\github\jnr\jnr-a64asm\1.0.0\jnr-a64asm-1.0.0.jar;C:\Users\kgash\.m2\repository\com\github\jnr\jnr-x86asm\1.0.2\jnr-x86asm-1.0.2.jar;C:\Users\kgash\.m2\repository\com\github\jnr\jnr-constants\0.10.3\jnr-constants-0.10.3.jar;C:\Users\kgash\.m2\repository\org\slf4j\slf4j-api\2.0.13\slf4j-api-2.0.13.jar;C:\Users\kgash\.m2\repository\io\dropwizard\metrics\metrics-core\4.2.25\metrics-core-4.2.25.jar;C:\Users\kgash\.m2\repository\org\hdrhistogram\HdrHistogram\2.1.12\HdrHistogram-2.1.12.jar;C:\Users\kgash\.m2\repository\com\fasterxml\jackson\core\jackson-core\2.15.4\jackson-core-2.15.4.jar;C:\Users\kgash\.m2\repository\org\reactivestreams\reactive-streams\1.0.4\reactive-streams-1.0.4.jar;C:\Users\kgash\.m2\repository\com\github\stephenc\jcip\jcip-annotations\1.0-1\jcip-annotations-1.0-1.jar;C:\Users\kgash\.m2\repository\com\github\spotbugs\spotbugs-annotations\4.7.3\spotbugs-annotations-4.7.3.jar;C:\Users\kgash\.m2\repository\ch\qos\logback\logback-classic\1.4.14\logback-classic-1.4.14.jar;C:\Users\kgash\.m2\repository\ch\qos\logback\logback-core\1.4.14\logback-core-1.4.14.jar;C:\Users\kgash\.m2\repository\net\logstash\logback\logstash-logback-encoder\7.4\logstash-logback-encoder-7.4.jar;C:\Users\kgash\.m2\repository\org\elasticsearch\client\elasticsearch-rest-high-level-client\7.17.21\elasticsearch-rest-high-level-client-7.17.21.jar;C:\Users\kgash\.m2\repository\org\elasticsearch\client\elasticsearch-rest-client\8.10.4\elasticsearch-rest-client-8.10.4.jar;C:\Users\kgash\.m2\repository\org\apache\httpcomponents\httpclient\4.5.13\httpclient-4.5.13.jar;C:\Users\kgash\.m2\repository\org\apache\httpcomponents\httpcore\4.4.16\httpcore-4.4.16.jar;C:\Users\kgash\.m2\repository\org\apache\httpcomponents\httpasyncclient\4.1.5\httpasyncclient-4.1.5.jar;C:\Users\kgash\.m2\repository\org\apache\httpcomponents\httpcore-nio\4.4.16\httpcore-nio-4.4.16.jar;C:\Users\kgash\.m2\repository\org\elasticsearch\plugin\mapper-extras-client\7.17.21\mapper-extras-client-7.17.21.jar;C:\Users\kgash\.m2\repository\org\elasticsearch\plugin\parent-join-client\7.17.21\parent-join-client-7.17.21.jar;C:\Users\kgash\.m2\repository\org\elasticsearch\plugin\aggs-matrix-stats-client\7.17.21\aggs-matrix-stats-client-7.17.21.jar;C:\Users\kgash\.m2\repository\org\elasticsearch\plugin\rank-eval-client\7.17.21\rank-eval-client-7.17.21.jar;C:\Users\kgash\.m2\repository\org\elasticsearch\plugin\lang-mustache-client\7.17.21\lang-mustache-client-7.17.21.jar;C:\Users\kgash\.m2\repository\com\github\spullara\mustache\java\compiler\0.9.6\compiler-0.9.6.jar;C:\Users\kgash\.m2\repository\org\elasticsearch\elasticsearch\8.13.4\elasticsearch-8.13.4.jar;C:\Users\kgash\.m2\repository\org\elasticsearch\elasticsearch-core\8.13.4\elasticsearch-core-8.13.4.jar;C:\Users\kgash\.m2\repository\org\elasticsearch\elasticsearch-logging\8.13.4\elasticsearch-logging-8.13.4.jar;C:\Users\kgash\.m2\repository\org\elasticsearch\elasticsearch-secure-sm\8.13.4\elasticsearch-secure-sm-8.13.4.jar;C:\Users\kgash\.m2\repository\org\elasticsearch\elasticsearch-x-content\8.13.4\elasticsearch-x-content-8.13.4.jar;C:\Users\kgash\.m2\repository\org\elasticsearch\elasticsearch-geo\8.13.4\elasticsearch-geo-8.13.4.jar;C:\Users\kgash\.m2\repository\org\elasticsearch\elasticsearch-lz4\8.13.4\elasticsearch-lz4-8.13.4.jar;C:\Users\kgash\.m2\repository\org\lz4\lz4-java\1.8.0\lz4-java-1.8.0.jar;C:\Users\kgash\.m2\repository\org\elasticsearch\plugin\elasticsearch-plugin-api\8.13.4\elasticsearch-plugin-api-8.13.4.jar;C:\Users\kgash\.m2\repository\org\elasticsearch\plugin\elasticsearch-plugin-analysis-api\8.13.4\elasticsearch-plugin-analysis-api-8.13.4.jar;C:\Users\kgash\.m2\repository\org\elasticsearch\elasticsearch-grok\8.13.4\elasticsearch-grok-8.13.4.jar;C:\Users\kgash\.m2\repository\org\jruby\joni\joni\2.1.29\joni-2.1.29.jar;C:\Users\kgash\.m2\repository\org\jruby\jcodings\jcodings\1.0.44\jcodings-1.0.44.jar;C:\Users\kgash\.m2\repository\org\elasticsearch\elasticsearch-tdigest\8.13.4\elasticsearch-tdigest-8.13.4.jar;C:\Users\kgash\.m2\repository\org\apache\lucene\lucene-core\9.10.0\lucene-core-9.10.0.jar;C:\Users\kgash\.m2\repository\org\apache\lucene\lucene-analysis-common\9.10.0\lucene-analysis-common-9.10.0.jar;C:\Users\kgash\.m2\repository\org\apache\lucene\lucene-backward-codecs\9.10.0\lucene-backward-codecs-9.10.0.jar;C:\Users\kgash\.m2\repository\org\apache\lucene\lucene-grouping\9.10.0\lucene-grouping-9.10.0.jar;C:\Users\kgash\.m2\repository\org\apache\lucene\lucene-highlighter\9.10.0\lucene-highlighter-9.10.0.jar;C:\Users\kgash\.m2\repository\org\apache\lucene\lucene-join\9.10.0\lucene-join-9.10.0.jar;C:\Users\kgash\.m2\repository\org\apache\lucene\lucene-memory\9.10.0\lucene-memory-9.10.0.jar;C:\Users\kgash\.m2\repository\org\apache\lucene\lucene-misc\9.10.0\lucene-misc-9.10.0.jar;C:\Users\kgash\.m2\repository\org\apache\lucene\lucene-queries\9.10.0\lucene-queries-9.10.0.jar;C:\Users\kgash\.m2\repository\org\apache\lucene\lucene-queryparser\9.10.0\lucene-queryparser-9.10.0.jar;C:\Users\kgash\.m2\repository\org\apache\lucene\lucene-sandbox\9.10.0\lucene-sandbox-9.10.0.jar;C:\Users\kgash\.m2\repository\org\apache\lucene\lucene-suggest\9.10.0\lucene-suggest-9.10.0.jar;C:\Users\kgash\.m2\repository\org\elasticsearch\elasticsearch-cli\8.13.4\elasticsearch-cli-8.13.4.jar;C:\Users\kgash\.m2\repository\net\sf\jopt-simple\jopt-simple\5.0.2\jopt-simple-5.0.2.jar;C:\Users\kgash\.m2\repository\org\apache\logging\log4j\log4j-api\2.21.1\log4j-api-2.21.1.jar;C:\Users\kgash\.m2\repository\org\apache\logging\log4j\log4j-core\2.21.1\log4j-core-2.21.1.jar;C:\Users\kgash\.m2\repository\net\java\dev\jna\jna\5.10.0\jna-5.10.0.jar;C:\Users\kgash\.m2\repository\co\elastic\logging\log4j2-ecs-layout\1.2.0\log4j2-ecs-layout-1.2.0.jar;C:\Users\kgash\.m2\repository\co\elastic\logging\ecs-logging-core\1.2.0\ecs-logging-core-1.2.0.jar;C:\Users\kgash\.m2\repository\org\elasticsearch\elasticsearch-plugin-classloader\8.13.4\elasticsearch-plugin-classloader-8.13.4.jar;C:\Users\kgash\.m2\repository\com\carrotsearch\hppc\0.8.1\hppc-0.8.1.jar;C:\Users\kgash\.m2\repository\org\elasticsearch\elasticsearch-native\8.13.4\elasticsearch-native-8.13.4.jar;C:\Users\kgash\.m2\repository\org\elasticsearch\elasticsearch-preallocate\8.13.4\elasticsearch-preallocate-8.13.4.jar;C:\Users\kgash\.m2\repository\co\elastic\clients\elasticsearch-java\8.13.4\elasticsearch-java-8.13.4.jar;C:\Users\kgash\.m2\repository\com\google\code\findbugs\jsr305\3.0.2\jsr305-3.0.2.jar;C:\Users\kgash\.m2\repository\jakarta\json\jakarta.json-api\2.1.3\jakarta.json-api-2.1.3.jar;C:\Users\kgash\.m2\repository\org\eclipse\parsson\parsson\1.0.5\parsson-1.0.5.jar;C:\Users\kgash\.m2\repository\io\opentelemetry\opentelemetry-api\1.31.0\opentelemetry-api-1.31.0.jar;C:\Users\kgash\.m2\repository\io\opentelemetry\opentelemetry-context\1.31.0\opentelemetry-context-1.31.0.jar;C:\Users\kgash\.m2\repository\com\fasterxml\jackson\core\jackson-databind\2.14.2\jackson-databind-2.14.2.jar;C:\Users\kgash\.m2\repository\com\fasterxml\jackson\core\jackson-annotations\2.15.4\jackson-annotations-2.15.4.jar;C:\Users\kgash\.m2\repository\com\auth0\java-jwt\4.4.0\java-jwt-4.4.0.jar;C:\Users\kgash\.m2\repository\org\apache\commons\commons-csv\1.11.0\commons-csv-1.11.0.jar;C:\Users\kgash\.m2\repository\commons-io\commons-io\2.16.1\commons-io-2.16.1.jar;C:\Users\kgash\.m2\repository\commons-codec\commons-codec\1.16.1\commons-codec-1.16.1.jar;C:\Users\kgash\.m2\repository\com\github\ben-manes\caffeine\caffeine\3.1.8\caffeine-3.1.8.jar;C:\Users\kgash\.m2\repository\org\checkerframework\checker-qual\3.37.0\checker-qual-3.37.0.jar;C:\Users\kgash\.m2\repository\com\google\errorprone\error_prone_annotations\2.21.1\error_prone_annotations-2.21.1.jar;C:\Users\kgash\.m2\repository\org\springframework\spring-context-support\6.1.7\spring-context-support-6.1.7.jar;C:\Users\kgash\.m2\repository\org\springframework\spring-beans\6.1.6\spring-beans-6.1.6.jar;C:\Users\kgash\.m2\repository\org\springframework\spring-context\6.1.6\spring-context-6.1.6.jar;C:\Users\kgash\.m2\repository\org\springframework\spring-core\6.1.6\spring-core-6.1.6.jar;C:\Users\kgash\.m2\repository\org\springframework\spring-jcl\6.1.6\spring-jcl-6.1.6.jar;C:\Users\kgash\.m2\repository\org\springframework\boot\spring-boot-starter-security\3.3.0\spring-boot-starter-security-3.3.0.jar;C:\Users\kgash\.m2\repository\org\springframework\spring-aop\6.1.6\spring-aop-6.1.6.jar;C:\Users\kgash\.m2\repository\org\springframework\security\spring-security-config\6.2.4\spring-security-config-6.2.4.jar;C:\Users\kgash\.m2\repository\org\springframework\security\spring-security-web\6.2.4\spring-security-web-6.2.4.jar;C:\Users\kgash\.m2\repository\org\modelmapper\modelmapper\3.2.0\modelmapper-3.2.0.jar;C:\Users\kgash\.m2\repository\org\springframework\security\spring-security-core\6.3.0\spring-security-core-6.3.0.jar;C:\Users\kgash\.m2\repository\org\springframework\security\spring-security-crypto\6.2.4\spring-security-crypto-6.2.4.jar;C:\Users\kgash\.m2\repository\org\springframework\spring-expression\6.1.6\spring-expression-6.1.6.jar;C:\Users\kgash\.m2\repository\io\micrometer\micrometer-observation\1.12.5\micrometer-observation-1.12.5.jar;C:\Users\kgash\.m2\repository\io\micrometer\micrometer-commons\1.12.5\micrometer-commons-1.12.5.jar;C:\Users\kgash\.m2\repository\org\springframework\boot\spring-boot-starter-test\3.2.5\spring-boot-starter-test-3.2.5.jar;C:\Users\kgash\.m2\repository\org\springframework\boot\spring-boot-test\3.2.5\spring-boot-test-3.2.5.jar;C:\Users\kgash\.m2\repository\org\springframework\boot\spring-boot-test-autoconfigure\3.2.5\spring-boot-test-autoconfigure-3.2.5.jar;C:\Users\kgash\.m2\repository\com\jayway\jsonpath\json-path\2.9.0\json-path-2.9.0.jar;C:\Users\kgash\.m2\repository\jakarta\xml\bind\jakarta.xml.bind-api\4.0.2\jakarta.xml.bind-api-4.0.2.jar;C:\Users\kgash\.m2\repository\jakarta\activation\jakarta.activation-api\2.1.3\jakarta.activation-api-2.1.3.jar;C:\Users\kgash\.m2\repository\net\minidev\json-smart\2.5.1\json-smart-2.5.1.jar;C:\Users\kgash\.m2\repository\net\minidev\accessors-smart\2.5.1\accessors-smart-2.5.1.jar;C:\Users\kgash\.m2\repository\org\assertj\assertj-core\3.24.2\assertj-core-3.24.2.jar;C:\Users\kgash\.m2\repository\net\bytebuddy\byte-buddy\1.14.13\byte-buddy-1.14.13.jar;C:\Users\kgash\.m2\repository\org\awaitility\awaitility\4.2.1\awaitility-4.2.1.jar;C:\Users\kgash\.m2\repository\org\hamcrest\hamcrest\2.2\hamcrest-2.2.jar;C:\Users\kgash\.m2\repository\org\junit\jupiter\junit-jupiter\5.10.2\junit-jupiter-5.10.2.jar;C:\Users\kgash\.m2\repository\org\junit\jupiter\junit-jupiter-api\5.10.2\junit-jupiter-api-5.10.2.jar;C:\Users\kgash\.m2\repository\org\opentest4j\opentest4j\1.3.0\opentest4j-1.3.0.jar;C:\Users\kgash\.m2\repository\org\junit\platform\junit-platform-commons\1.10.2\junit-platform-commons-1.10.2.jar;C:\Users\kgash\.m2\repository\org\apiguardian\apiguardian-api\1.1.2\apiguardian-api-1.1.2.jar;C:\Users\kgash\.m2\repository\org\junit\jupiter\junit-jupiter-params\5.10.2\junit-jupiter-params-5.10.2.jar;C:\Users\kgash\.m2\repository\org\junit\jupiter\junit-jupiter-engine\5.10.2\junit-jupiter-engine-5.10.2.jar;C:\Users\kgash\.m2\repository\org\junit\platform\junit-platform-engine\1.10.2\junit-platform-engine-1.10.2.jar;C:\Users\kgash\.m2\repository\org\mockito\mockito-core\5.7.0\mockito-core-5.7.0.jar;C:\Users\kgash\.m2\repository\net\bytebuddy\byte-buddy-agent\1.14.13\byte-buddy-agent-1.14.13.jar;C:\Users\kgash\.m2\repository\org\objenesis\objenesis\3.3\objenesis-3.3.jar;C:\Users\kgash\.m2\repository\org\mockito\mockito-junit-jupiter\5.7.0\mockito-junit-jupiter-5.7.0.jar;C:\Users\kgash\.m2\repository\org\skyscreamer\jsonassert\1.5.1\jsonassert-1.5.1.jar;C:\Users\kgash\.m2\repository\com\vaadin\external\google\android-json\0.0.20131108.vaadin1\android-json-0.0.20131108.vaadin1.jar;C:\Users\kgash\.m2\repository\org\springframework\spring-test\6.1.6\spring-test-6.1.6.jar;C:\Users\kgash\.m2\repository\org\xmlunit\xmlunit-core\2.9.1\xmlunit-core-2.9.1.jar;C:\Users\kgash\.m2\repository\org\json\json\20231013\json-20231013.jar;"/>
    <property name="sun.cpu.endian" value="little"/>
    <property name="user.home" value="C:\Users\kgash"/>
    <property name="user.language" value="en"/>
    <property name="java.specification.vendor" value="Oracle Corporation"/>
    <property name="java.version.date" value="2023-09-19"/>
    <property name="java.home" value="C:\Program Files\Java\jdk-21"/>
    <property name="file.separator" value="\"/>
    <property name="basedir" value="C:\Users\kgash\OneDrive\Desktop\Java programs\Zoho\Incubation\Github\CricketApplication\cricketapp-backend"/>
    <property name="java.vm.compressedOopsMode" value="32-bit"/>
    <property name="line.separator" value="&#10;"/>
    <property name="java.vm.specification.vendor" value="Oracle Corporation"/>
    <property name="java.specification.name" value="Java Platform API Specification"/>
    <property name="FILE_LOG_CHARSET" value="UTF-8"/>
    <property name="java.awt.headless" value="true"/>
    <property name="surefire.real.class.path" value="C:\Users\kgash\AppData\Local\Temp\surefire2000151874954033580\surefirebooter-20240528151028138_3.jar"/>
    <property name="user.script" value=""/>
    <property name="sun.management.compiler" value="HotSpot 64-Bit Tiered Compilers"/>
    <property name="java.runtime.version" value="21+35-LTS-2513"/>
    <property name="user.name" value="kgash"/>
    <property name="stdout.encoding" value="Cp1252"/>
    <property name="path.separator" value=";"/>
    <property name="os.version" value="10.0"/>
    <property name="java.runtime.name" value="Java(TM) SE Runtime Environment"/>
    <property name="file.encoding" value="UTF-8"/>
    <property name="java.vm.name" value="Java HotSpot(TM) 64-Bit Server VM"/>
    <property name="localRepository" value="C:\Users\kgash\.m2\repository"/>
    <property name="java.vendor.url.bug" value="https://bugreport.java.com/bugreport/"/>
    <property name="java.io.tmpdir" value="C:\Users\kgash\AppData\Local\Temp\"/>
    <property name="idea.version" value="2023.3.4"/>
    <property name="java.version" value="21"/>
    <property name="user.dir" value="C:\Users\kgash\OneDrive\Desktop\Java programs\Zoho\Incubation\Github\CricketApplication\cricketapp-backend"/>
    <property name="os.arch" value="amd64"/>
    <property name="java.vm.specification.name" value="Java Virtual Machine Specification"/>
    <property name="PID" value="22524"/>
    <property name="sun.os.patch.level" value=""/>
    <property name="CONSOLE_LOG_CHARSET" value="UTF-8"/>
    <property name="native.encoding" value="Cp1252"/>
    <property name="java.library.path" value="C:\Program Files\Java\jdk-21\bin;C:\WINDOWS\Sun\Java\bin;C:\WINDOWS\system32;C:\WINDOWS;C:\Users\kgash\AppData\Local\Programs\Python\Python311\python.exe;C:\apache-cassandra-4.0.12\bin;C:\OpenJDK\openjdk-11_windows-x64_bin\jdk-11\bin;C:\Users\kgash\AppData\Local\Programs\Python\Python311\Scripts;C:\Users\kgash\AppData\Roaming\Microsoft\Windows\Start Menu\Programs\Python 3.11;C:\Users\kgash\each_match_records.csv;C:\WINDOWS\system32;C:\WINDOWS;C:\WINDOWS\System32\Wbem;C:\WINDOWS\System32\WindowsPowerShell\v1.0\;C:\WINDOWS\System32\OpenSSH\;C:\Program Files\MongoDB\Server\4.2\bin;C:\Program Files\Git\cmd;C:\Program Files\heroku;C:\Program Files\nodejs\;C:\ProgramData\chocolatey\bin;C:\Program Files\Docker\Docker\resources\bin;C:\Program Files\Common Files\Oracle\Java\javapath;C:\Program Files\Java\jdk-17;C:\Users\kgash;C:\JMeter\apache-jmeter-5.6.3\bin;C:\Users\kgash\AppData\Local\Programs\Python\Python311\python.exe;C:\Program Files\MySQL\MySQL Shell 8.0\bin\;C:\Users\kgash\AppData\Local\Microsoft\WindowsApps;C:\Users\kgash\AppData\Local\Programs\Microsoft VS Code\bin;C:\Program Files\heroku\bin;C:\Program Files\JetBrains\IntelliJ IDEA Community Edition 2023.2.4\bin;;C:\Users\kgash\AppData\Roaming\npm;C:\Users\kgash\each_match_records.csv;C:\Users\kgash;;."/>
    <property name="java.vm.info" value="mixed mode, sharing"/>
    <property name="stderr.encoding" value="Cp1252"/>
    <property name="java.vendor" value="Oracle Corporation"/>
    <property name="java.vm.version" value="21+35-LTS-2513"/>
    <property name="sun.io.unicode.encoding" value="UnicodeLittle"/>
    <property name="java.class.version" value="65.0"/>
    <property name="LOGGED_APPLICATION_NAME" value="[cricketapp] "/>
  </properties>
  <testcase name="contextLoads" classname="com.example.cricketapp.CricketappApplicationTests" time="2.227">
    <system-out><![CDATA[15:10:30.537 [main] INFO org.springframework.test.context.support.AnnotationConfigContextLoaderUtils -- Could not detect default configuration classes for test class [com.example.cricketapp.CricketappApplicationTests]: CricketappApplicationTests does not declare any static, non-private, non-final, nested classes annotated with @Configuration.
15:10:31.136 [main] INFO org.springframework.boot.test.context.SpringBootTestContextBootstrapper -- Found @SpringBootConfiguration com.example.cricketapp.CricketappApplication for test class com.example.cricketapp.CricketappApplicationTests

  .   ____          _            __ _ _
 /\\ / ___'_ __ _ _(_)_ __  __ _ \ \ \ \
( ( )\___ | '_ | '_| | '_ \/ _` | \ \ \ \
 \\/  ___)| |_)| | | | | || (_| |  ) ) ) )
  '  |____| .__|_| |_|_| |_\__, | / / / /
 =========|_|==============|___/=/_/_/_/
 :: Spring Boot ::                (v3.2.5)

2024-05-28T15:10:32.945+05:30  WARN 22524 --- [cricketapp] [           main] ory$DuplicateJsonObjectContextCustomizer : 

Found multiple occurrences of org.json.JSONObject on the class path:

	jar:file:/C:/Users/kgash/.m2/repository/com/vaadin/external/google/android-json/0.0.20131108.vaadin1/android-json-0.0.20131108.vaadin1.jar!/org/json/JSONObject.class
	jar:file:/C:/Users/kgash/.m2/repository/org/json/json/20231013/json-20231013.jar!/org/json/JSONObject.class

You may wish to exclude one of them to ensure predictable runtime behavior

2024-05-28T15:10:33.008+05:30  INFO 22524 --- [cricketapp] [           main] c.e.c.CricketappApplicationTests         : Starting CricketappApplicationTests using Java 21 with PID 22524 (started by kgash in C:\Users\kgash\OneDrive\Desktop\Java programs\Zoho\Incubation\Github\CricketApplication\cricketapp-backend)
2024-05-28T15:10:33.010+05:30  INFO 22524 --- [cricketapp] [           main] c.e.c.CricketappApplicationTests         : No active profile set, falling back to 1 default profile: "default"
2024-05-28T15:10:37.085+05:30  WARN 22524 --- [cricketapp] [           main] .s.s.UserDetailsServiceAutoConfiguration : 

Using generated security password: 18305143-e69a-4637-876b-092e61f9bf18

This generated password is for development use only. Your security configuration must be updated before running your application in production.

2024-05-28T15:10:37.883+05:30  INFO 22524 --- [cricketapp] [           main] o.s.s.web.DefaultSecurityFilterChain     : Will secure any request with [org.springframework.security.web.session.DisableEncodeUrlFilter@13aed42b, org.springframework.security.web.context.request.async.WebAsyncManagerIntegrationFilter@698d6d30, org.springframework.security.web.context.SecurityContextHolderFilter@1c6e3ff9, org.springframework.security.web.header.HeaderWriterFilter@58164e9a, org.springframework.security.web.authentication.logout.LogoutFilter@6775c0d1, org.springframework.security.web.savedrequest.RequestCacheAwareFilter@184afb78, org.springframework.security.web.servletapi.SecurityContextHolderAwareRequestFilter@22da200e, org.springframework.security.web.authentication.rememberme.RememberMeAuthenticationFilter@12cd129c, com.example.cricketapp.security.JWTAuthenticationFilter@78065fcd, org.springframework.security.web.authentication.AnonymousAuthenticationFilter@3407aa4f, org.springframework.security.web.access.ExceptionTranslationFilter@610fbe1c, org.springframework.security.web.access.intercept.AuthorizationFilter@1412682c]
2024-05-28T15:10:39.389+05:30  INFO 22524 --- [cricketapp] [           main] c.e.c.CricketappApplicationTests         : Started CricketappApplicationTests in 7.872 seconds (process running for 10.894)
]]></system-out>
    <system-err><![CDATA[WARNING: A Java agent has been loaded dynamically (C:\Users\kgash\.m2\repository\net\bytebuddy\byte-buddy-agent\1.14.13\byte-buddy-agent-1.14.13.jar)
WARNING: If a serviceability tool is in use, please run with -XX:+EnableDynamicAgentLoading to hide this warning
WARNING: If a serviceability tool is not in use, please run with -Djdk.instrument.traceUsage for more information
WARNING: Dynamic loading of agents will be disallowed by default in a future release
]]></system-err>
  </testcase>
</testsuite>